<?xml version="1.0" encoding="UTF-8"?>
<testng-results ignored="0" total="2" passed="2" failed="0" skipped="0">
  <reporter-output>
  </reporter-output>
  <suite started-at="2022-04-12T20:36:43 IST" name="Suite" finished-at="2022-04-12T20:37:07 IST" duration-ms="23612">
    <groups>
    </groups>
    <test started-at="2022-04-12T20:36:43 IST" name="Test" finished-at="2022-04-12T20:37:07 IST" duration-ms="23612">
      <class name="norclass.Normal2">
        <test-method signature="ama()[pri:0, instance:norclass.Normal2@87a85e1]" started-at="2022-04-12T20:36:43 IST" name="ama" finished-at="2022-04-12T20:36:54 IST" duration-ms="10576" status="PASS">
          <reporter-output>
          </reporter-output>
        </test-method> <!-- ama -->
      </class> <!-- norclass.Normal2 -->
      <class name="norclass.Normal1">
        <test-method signature="ama()[pri:0, instance:norclass.Normal1@671a5887]" started-at="2022-04-12T20:36:54 IST" name="ama" finished-at="2022-04-12T20:37:07 IST" duration-ms="12996" status="PASS">
          <reporter-output>
          </reporter-output>
        </test-method> <!-- ama -->
      </class> <!-- norclass.Normal1 -->
    </test> <!-- Test -->
  </suite> <!-- Suite -->
</testng-results>
